Command line:
   gen_ciclos_clk_isim_beh.exe
     -simmode  gui
     -simrunnum  1
     -socket  58225

Wed Feb 16 18:52:31 2022


 Elaboration Time: 0.234375 sec

 Current Memory Usage: 5804.58 Meg

 Total Signals          : 7
 Total Nets             : 14
 Total Signal Drivers   : 6
 Total Blocks           : 4
 Total Primitive Blocks : 4
 Total Processes        : 6
 Total Traceable Variables  : 10
 Total Scalar Nets and Variables : 392
Total Line Count : 19

 Total Simulation Time: 0.265625 sec

 Current Memory Usage: 5804.58 Meg

Wed Feb 16 18:52:48 2022

